[1mdiff --git a/LinkedLIst.js b/LinkedLIst.js[m
[1mindex ae3ceeb..9c788c3 100644[m
[1m--- a/LinkedLIst.js[m
[1m+++ b/LinkedLIst.js[m
[36m@@ -173,13 +173,12 @@[m [mclass DoubleLinkedList {[m
     }[m
 }[m
 [m
[31m-[m
[31m-const list = new DoubleLinkedList[m
[31m-list.insertAtHead(12)[m
[31m-list.insertAtHead(16)[m
[31m-list.insertAtTail(14)[m
[31m-list.insertAtTail('Tail')[m
[31m-list.print()[m
[31m-list.delete(16)[m
[31m-list.delete('Tail')[m
[31m-list.print()[m
\ No newline at end of file[m
[32m+[m[32m// const list = new DoubleLinkedList[m
[32m+[m[32m// list.insertAtHead(12)[m
[32m+[m[32m// list.insertAtHead(16)[m
[32m+[m[32m// list.insertAtTail(14)[m
[32m+[m[32m// list.insertAtTail('Tail')[m
[32m+[m[32m// list.print()[m
[32m+[m[32m// list.delete(16)[m
[32m+[m[32m// list.delete('Tail')[m
[32m+[m[32m// list.print()[m
\ No newline at end of file[m
